16:43:46 **** Build of configuration Debug for project ClientTesteur ****
make all 
Building file: ../ClientTesteur.cpp
Invoking: GCC C++ Compiler
g++ -std=c++03 -I"/home/etudiant/Bureau/TP3/source" -O0 -g3 -Wall -c -fmessage-length=0 -MMD -MP -MF"ClientTesteur.d" -MT"ClientTesteur.o" -o "ClientTesteur.o" "../ClientTesteur.cpp"
Finished building: ../ClientTesteur.cpp
 
Building target: ClientTesteur
Invoking: GCC C++ Linker
g++ -L"/home/etudiant/Bureau/TP3/source/Debug" -o "ClientTesteur"  ./ClientTesteur.o   -lgtest_main -lgtest -lpthread -lsource
Finished building target: ClientTesteur
 
16:44:04 **** Incremental Build of configuration Debug for project ClientTesteur ****
make all 
make: rien à faire pour « all ».
17:05:56 **** Incremental Build of configuration Debug for project ClientTesteur ****
make all 
Building file: ../ClientTesteur.cpp
Invoking: GCC C++ Compiler
g++ -std=c++03 -I"/home/etudiant/Bureau/TP3/source" -O0 -g3 -Wall -c -fmessage-length=0 -MMD -MP -MF"ClientTesteur.d" -MT"ClientTesteur.o" -o "ClientTesteur.o" "../ClientTesteur.cpp"
Finished building: ../ClientTesteur.cpp
 
Building target: ClientTesteur
Invoking: GCC C++ Linker
g++ -L"/home/etudiant/Bureau/TP3/source/Debug" -o "ClientTesteur"  ./ClientTesteur.o   -lgtest_main -lgtest -lpthread -lsource
Finished building target: ClientTesteur
 
17:16:23 **** Incremental Build of configuration Debug for project ClientTesteur ****
make all 
Building file: ../ClientTesteur.cpp
Invoking: GCC C++ Compiler
g++ -std=c++03 -I"/home/etudiant/Bureau/TP3/source" -O0 -g3 -Wall -c -fmessage-length=0 -MMD -MP -MF"ClientTesteur.d" -MT"ClientTesteur.o" -o "ClientTesteur.o" "../ClientTesteur.cpp"
Finished building: ../ClientTesteur.cpp
 
Building target: ClientTesteur
Invoking: GCC C++ Linker
g++ -L"/home/etudiant/Bureau/TP3/source/Debug" -o "ClientTesteur"  ./ClientTesteur.o   -lgtest_main -lgtest -lpthread -lsource
Finished building target: ClientTesteur
 
21:07:49 **** Incremental Build of configuration Debug for project ClientTesteur ****
make all 
Building file: ../ClientTesteur.cpp
Invoking: GCC C++ Compiler
g++ -std=c++03 -I"/home/etudiant/Bureau/TP3/source" -O0 -g3 -Wall -c -fmessage-length=0 -MMD -MP -MF"ClientTesteur.d" -MT"ClientTesteur.o" -o "ClientTesteur.o" "../ClientTesteur.cpp"
Finished building: ../ClientTesteur.cpp
 
Building target: ClientTesteur
Invoking: GCC C++ Linker
g++ -L"/home/etudiant/Bureau/TP3/source/Debug" -o "ClientTesteur"  ./ClientTesteur.o   -lgtest_main -lgtest -lpthread -lsource
Finished building target: ClientTesteur
 
21:07:52 **** Incremental Build of configuration Debug for project CompteChequeTesteur ****
make all 
Building target: CompteChequeTesteur
Invoking: GCC C++ Linker
g++ -L"/home/etudiant/Bureau/TP3/source/Debug" -o "CompteChequeTesteur"  ./CompteChequeTesteur.o   -lgtest_main -lgtest -lpthread -lsource
Finished building target: CompteChequeTesteur
 
21:07:53 **** Incremental Build of configuration Debug for project CompteEpargneTesteur ****
make all 
Building target: CompteEpargneTesteur
Invoking: GCC C++ Linker
g++ -L"/home/etudiant/Bureau/TP3/source/Debug" -o "CompteEpargneTesteur"  ./CompteEpargneTesteur.o   -lgtest_main -lgtest -lpthread -lsource
Finished building target: CompteEpargneTesteur
 
21:07:53 **** Incremental Build of configuration Debug for project CompteTesteur ****
make all 
Building target: CompteTesteur
Invoking: GCC C++ Linker
g++ -L"/home/etudiant/Bureau/TP3/source/Debug" -o "CompteTesteur"  ./CompteTesteur.o   -lgtest_main -lgtest -lpthread -lsource
Finished building target: CompteTesteur
 
21:07:53 **** Incremental Build of configuration Debug for project TP3 ****
make all 
Building target: TP3
Invoking: GCC C++ Linker
g++ -L"/home/etudiant/Bureau/TP3/source/Debug" -o "TP3"  ./Main.o   -lsource
Finished building target: TP3
 
21:07:54 **** Incremental Build of configuration Debug for project source ****
make all 
make: rien à faire pour « all ».
21:07:58 **** Incremental Build of configuration Debug for project ClientTesteur ****
make all 
make: rien à faire pour « all ».
