17:30:54 **** Build of configuration Debug for project source ****
make all 
Building file: ../Client.cpp
Invoking: GCC C++ Compiler
g++ -std=c++03 -O0 -g3 -Wall -c -fmessage-length=0 -MMD -MP -MF"Client.d" -MT"Client.o" -o "Client.o" "../Client.cpp"
Finished building: ../Client.cpp
 
Building file: ../Compte.cpp
Invoking: GCC C++ Compiler
g++ -std=c++03 -O0 -g3 -Wall -c -fmessage-length=0 -MMD -MP -MF"Compte.d" -MT"Compte.o" -o "Compte.o" "../Compte.cpp"
Finished building: ../Compte.cpp
 
Building file: ../ContratException.cpp
Invoking: GCC C++ Compiler
g++ -std=c++03 -O0 -g3 -Wall -c -fmessage-length=0 -MMD -MP -MF"ContratException.d" -MT"ContratException.o" -o "ContratException.o" "../ContratException.cpp"
Finished building: ../ContratException.cpp
 
Building file: ../Date.cpp
Invoking: GCC C++ Compiler
g++ -std=c++03 -O0 -g3 -Wall -c -fmessage-length=0 -MMD -MP -MF"Date.d" -MT"Date.o" -o "Date.o" "../Date.cpp"
Finished building: ../Date.cpp
 
Building file: ../validationFormat.cpp
Invoking: GCC C++ Compiler
g++ -std=c++03 -O0 -g3 -Wall -c -fmessage-length=0 -MMD -MP -MF"validationFormat.d" -MT"validationFormat.o" -o "validationFormat.o" "../validationFormat.cpp"
Finished building: ../validationFormat.cpp
 
Building target: libsource.a
Invoking: GCC Archiver
ar -r  "libsource.a"  ./Client.o ./Compte.o ./ContratException.o ./Date.o ./validationFormat.o   
ar: création de libsource.a
Finished building target: libsource.a
 

17:30:55 Build Finished (took 883ms)

